[    1108ms] [LOG] [Fast Refresh] rebuilding @ http://localhost:3000/_next/static/chunks/0pm6_next_dist_0-h5wgb._.js:2477
[    2195ms] [LOG] [Fast Refresh] done in 1191ms @ http://localhost:3000/_next/static/chunks/0pm6_next_dist_0-h5wgb._.js:2477
[    2297ms] [LOG] [Fast Refresh] rebuilding @ http://localhost:3000/_next/static/chunks/0pm6_next_dist_0-h5wgb._.js:2477
[    2337ms] [LOG] [Fast Refresh] done in 141ms @ http://localhost:3000/_next/static/chunks/0pm6_next_dist_0-h5wgb._.js:2477
[    4499ms] [INFO] %cDownload the React DevTools for a better development experience: https://react.dev/link/react-devtools font-weight:bold @ http://localhost:3000/_next/static/chunks/0pm6_next_dist_0-h5wgb._.js:2477
[    4532ms] [LOG] [HMR] connected @ http://localhost:3000/_next/static/chunks/0pm6_next_dist_0-h5wgb._.js:2477
[    4853ms] [LOG] [Fast Refresh] rebuilding @ http://localhost:3000/_next/static/chunks/0pm6_next_dist_0-h5wgb._.js:2477
[    4967ms] [LOG] [Fast Refresh] done in 215ms @ http://localhost:3000/_next/static/chunks/0pm6_next_dist_0-h5wgb._.js:2477
[   37630ms] [LOG] [Fast Refresh] rebuilding @ http://localhost:3000/_next/static/chunks/0pm6_next_dist_0-h5wgb._.js:2477
[   37677ms] [LOG] [Fast Refresh] done in 149ms @ http://localhost:3000/_next/static/chunks/0pm6_next_dist_0-h5wgb._.js:2477
[   53737ms] [LOG] [Fast Refresh] rebuilding @ http://localhost:3000/_next/static/chunks/0pm6_next_dist_0-h5wgb._.js:2477
[   53847ms] [LOG] [Fast Refresh] done in 212ms @ http://localhost:3000/_next/static/chunks/0pm6_next_dist_0-h5wgb._.js:2477
[   65450ms] [LOG] [Fast Refresh] rebuilding @ http://localhost:3000/_next/static/chunks/0pm6_next_dist_0-h5wgb._.js:2477
[   65481ms] [LOG] [Fast Refresh] done in 133ms @ http://localhost:3000/_next/static/chunks/0pm6_next_dist_0-h5wgb._.js:2477
[   76860ms] [LOG] [Fast Refresh] rebuilding @ http://localhost:3000/_next/static/chunks/0pm6_next_dist_0-h5wgb._.js:2477
[   76877ms] [LOG] [Fast Refresh] done in 118ms @ http://localhost:3000/_next/static/chunks/0pm6_next_dist_0-h5wgb._.js:2477
[   90315ms] [LOG] [Fast Refresh] rebuilding @ http://localhost:3000/_next/static/chunks/0pm6_next_dist_0-h5wgb._.js:2477
[   90360ms] [LOG] [Fast Refresh] done in 145ms @ http://localhost:3000/_next/static/chunks/0pm6_next_dist_0-h5wgb._.js:2477
[   93133ms] [LOG] [Fast Refresh] rebuilding @ http://localhost:3000/_next/static/chunks/0pm6_next_dist_0-h5wgb._.js:2477
[   94672ms] [LOG] [Fast Refresh] done in 1639ms @ http://localhost:3000/_next/static/chunks/0pm6_next_dist_0-h5wgb._.js:2477
